<?xml version="1.0" encoding="UTF-8"?>
<!-- Generated by org.testng.reporters.JUnitReportReporter -->
<testsuite hostname="NL-RLPT-16" failures="0" tests="1" name="neshbase.Functionalflows" time="18.321" errors="0" timestamp="2024-12-04T23:42:07 IST" skipped="0">
  <testcase classname="neshbase.Functionalflows" name="edit_user" time="18.321"/>
</testsuite> <!-- neshbase.Functionalflows -->
