<?xml version="1.0" encoding="UTF-8"?>
<!-- Generated by org.testng.reporters.JUnitReportReporter -->
<testsuite hostname="NL-RLPT-16" failures="0" tests="2" name="create_organization.create" time="19.300" errors="0" timestamp="2024-12-01T23:08:36 IST" skipped="0">
  <testcase classname="create_organization.create" name="create_user" time="4.343"/>
  <testcase classname="create_organization.create" name="login" time="14.957"/>
</testsuite> <!-- create_organization.create -->
