<?xml version="1.0" encoding="UTF-8"?>
<!-- Generated by org.testng.reporters.JUnitReportReporter -->
<testsuite hostname="NL-RLPT-16" failures="0" tests="4" name="create_organization.create" time="101.413" errors="0" timestamp="2024-12-04T00:25:07 IST" skipped="0">
  <testcase classname="create_organization.create" name="add_organization" time="26.807"/>
  <testcase classname="create_organization.create" name="assign_setup" time="28.330"/>
  <testcase classname="create_organization.create" name="select_org_type" time="19.812"/>
  <testcase classname="create_organization.create" name="new_user" time="26.464"/>
</testsuite> <!-- create_organization.create -->
