<?xml version="1.0" encoding="UTF-8"?>
<!-- Generated by org.testng.reporters.JUnitReportReporter -->
<testsuite hostname="NL-RLPT-16" failures="0" tests="1" name="neshbase.Functionalflows" time="16.974" errors="0" timestamp="2024-12-06T18:30:08 IST" skipped="0">
  <testcase classname="neshbase.Functionalflows" name="editUser" time="16.974"/>
</testsuite> <!-- neshbase.Functionalflows -->
